This is pdfTeX, Version 3.14159265-2.6-1.40.21 (TeX Live 2020) (preloaded format=pdflatex 2020.7.5)  13 NOV 2020 08:22
entering extended mode
 restricted \write18 enabled.
 file:line:error style messages enabled.
 %&-line parsing enabled.
**variation1.tex
(./variation1.tex
LaTeX2e <2020-02-02> patch level 5
L3 programming layer <2020-06-18>
(/usr/local/texlive/2020/texmf-dist/tex/latex/base/article.cls
Document Class: article 2019/12/20 v1.4l Standard LaTeX document class
(/usr/local/texlive/2020/texmf-dist/tex/latex/base/size10.clo
File: size10.clo 2019/12/20 v1.4l Standard LaTeX file (size option)
)
\c@part=\count167
\c@section=\count168
\c@subsection=\count169
\c@subsubsection=\count170
\c@paragraph=\count171
\c@subparagraph=\count172
\c@figure=\count173
\c@table=\count174
\abovecaptionskip=\skip47
\belowcaptionskip=\skip48
\bibindent=\dimen134
)
(/usr/local/texlive/2020/texmf-dist/tex/latex/tools/verbatim.sty
Package: verbatim 2019/11/10 v1.5r LaTeX2e package for verbatim enhancements
\every@verbatim=\toks15
\verbatim@line=\toks16
\verbatim@in@stream=\read2
)
(/usr/local/texlive/2020/texmf-dist/tex/latex/amsmath/amsmath.sty
Package: amsmath 2020/01/20 v2.17e AMS math features
\@mathmargin=\skip49

For additional information on amsmath, use the `?' option.
(/usr/local/texlive/2020/texmf-dist/tex/latex/amsmath/amstext.sty
Package: amstext 2000/06/29 v2.01 AMS text

(/usr/local/texlive/2020/texmf-dist/tex/latex/amsmath/amsgen.sty
File: amsgen.sty 1999/11/30 v2.0 generic functions
\@emptytoks=\toks17
\ex@=\dimen135
))
(/usr/local/texlive/2020/texmf-dist/tex/latex/amsmath/amsbsy.sty
Package: amsbsy 1999/11/29 v1.2d Bold Symbols
\pmbraise@=\dimen136
)
(/usr/local/texlive/2020/texmf-dist/tex/latex/amsmath/amsopn.sty
Package: amsopn 2016/03/08 v2.02 operator names
)
\inf@bad=\count175
LaTeX Info: Redefining \frac on input line 227.
\uproot@=\count176
\leftroot@=\count177
LaTeX Info: Redefining \overline on input line 389.
\classnum@=\count178
\DOTSCASE@=\count179
LaTeX Info: Redefining \ldots on input line 486.
LaTeX Info: Redefining \dots on input line 489.
LaTeX Info: Redefining \cdots on input line 610.
\Mathstrutbox@=\box45
\strutbox@=\box46
\big@size=\dimen137
LaTeX Font Info:    Redeclaring font encoding OML on input line 733.
LaTeX Font Info:    Redeclaring font encoding OMS on input line 734.
\macc@depth=\count180
\c@MaxMatrixCols=\count181
\dotsspace@=\muskip16
\c@parentequation=\count182
\dspbrk@lvl=\count183
\tag@help=\toks18
\row@=\count184
\column@=\count185
\maxfields@=\count186
\andhelp@=\toks19
\eqnshift@=\dimen138
\alignsep@=\dimen139
\tagshift@=\dimen140
\tagwidth@=\dimen141
\totwidth@=\dimen142
\lineht@=\dimen143
\@envbody=\toks20
\multlinegap=\skip50
\multlinetaggap=\skip51
\mathdisplay@stack=\toks21
LaTeX Info: Redefining \[ on input line 2859.
LaTeX Info: Redefining \] on input line 2860.
)
(/usr/local/texlive/2020/texmf-dist/tex/latex/geometry/geometry.sty
Package: geometry 2020/01/02 v5.9 Page Geometry

(/usr/local/texlive/2020/texmf-dist/tex/latex/graphics/keyval.sty
Package: keyval 2014/10/28 v1.15 key=value parser (DPC)
\KV@toks@=\toks22
)
(/usr/local/texlive/2020/texmf-dist/tex/generic/iftex/ifvtex.sty
Package: ifvtex 2019/10/25 v1.7 ifvtex legacy package. Use iftex instead.

(/usr/local/texlive/2020/texmf-dist/tex/generic/iftex/iftex.sty
Package: iftex 2020/03/06 v1.0d TeX engine tests
))
\Gm@cnth=\count187
\Gm@cntv=\count188
\c@Gm@tempcnt=\count189
\Gm@bindingoffset=\dimen144
\Gm@wd@mp=\dimen145
\Gm@odd@mp=\dimen146
\Gm@even@mp=\dimen147
\Gm@layoutwidth=\dimen148
\Gm@layoutheight=\dimen149
\Gm@layouthoffset=\dimen150
\Gm@layoutvoffset=\dimen151
\Gm@dimlist=\toks23
)
(/usr/local/texlive/2020/texmf-dist/tex/latex/graphics/graphicx.sty
Package: graphicx 2019/11/30 v1.2a Enhanced LaTeX Graphics (DPC,SPQR)

(/usr/local/texlive/2020/texmf-dist/tex/latex/graphics/graphics.sty
Package: graphics 2019/11/30 v1.4a Standard LaTeX Graphics (DPC,SPQR)

(/usr/local/texlive/2020/texmf-dist/tex/latex/graphics/trig.sty
Package: trig 2016/01/03 v1.10 sin cos tan (DPC)
)
(/usr/local/texlive/2020/texmf-dist/tex/latex/graphics-cfg/graphics.cfg
File: graphics.cfg 2016/06/04 v1.11 sample graphics configuration
)
Package graphics Info: Driver file: pdftex.def on input line 105.

(/usr/local/texlive/2020/texmf-dist/tex/latex/graphics-def/pdftex.def
File: pdftex.def 2018/01/08 v1.0l Graphics/color driver for pdftex
))
\Gin@req@height=\dimen152
\Gin@req@width=\dimen153
)
(/usr/local/texlive/2020/texmf-dist/tex/generic/systeme/systeme.sty
(/usr/local/texlive/2020/texmf-dist/tex/generic/xstring/xstring.sty
(/usr/local/texlive/2020/texmf-dist/tex/generic/xstring/xstring.tex
\integerpart=\count190
\decimalpart=\count191
)
Package: xstring 2019/02/06 v1.83 String manipulations (CT)
)
(/usr/local/texlive/2020/texmf-dist/tex/generic/systeme/systeme.tex
\SYS_systemecode=\toks24
\SYS_systempreamble=\toks25
\SYSeqnum=\count192
)
Package: systeme 2020/05/03 v0.34 Mise en forme de systemes d'equations (CT)
)
(/usr/local/texlive/2020/texmf-dist/tex/latex/listings/listings.sty
\lst@mode=\count193
\lst@gtempboxa=\box47
\lst@token=\toks26
\lst@length=\count194
\lst@currlwidth=\dimen154
\lst@column=\count195
\lst@pos=\count196
\lst@lostspace=\dimen155
\lst@width=\dimen156
\lst@newlines=\count197
\lst@lineno=\count198
\lst@maxwidth=\dimen157

(/usr/local/texlive/2020/texmf-dist/tex/latex/listings/lstmisc.sty
File: lstmisc.sty 2020/03/24 1.8d (Carsten Heinz)
\c@lstnumber=\count199
\lst@skipnumbers=\count266
\lst@framebox=\box48
)
(/usr/local/texlive/2020/texmf-dist/tex/latex/listings/listings.cfg
File: listings.cfg 2020/03/24 1.8d listings configuration
))
Package: listings 2020/03/24 1.8d (Carsten Heinz)

(/usr/local/texlive/2020/texmf-dist/tex/latex/graphics/color.sty
Package: color 2019/11/23 v1.2a Standard LaTeX Color (DPC)

(/usr/local/texlive/2020/texmf-dist/tex/latex/graphics-cfg/color.cfg
File: color.cfg 2016/01/02 v1.6 sample color configuration
)
Package color Info: Driver file: pdftex.def on input line 147.
)
(/usr/local/texlive/2020/texmf-dist/tex/latex/xcolor/xcolor.sty
Package: xcolor 2016/05/11 v2.12 LaTeX color extensions (UK)

(/usr/local/texlive/2020/texmf-dist/tex/latex/graphics-cfg/color.cfg
File: color.cfg 2016/01/02 v1.6 sample color configuration
)
Package xcolor Info: Driver file: pdftex.def on input line 225.
LaTeX Info: Redefining \color on input line 709.
Package xcolor Info: Model `cmy' substituted by `cmy0' on input line 1348.
Package xcolor Info: Model `hsb' substituted by `rgb' on input line 1352.
Package xcolor Info: Model `RGB' extended on input line 1364.
Package xcolor Info: Model `HTML' substituted by `rgb' on input line 1366.
Package xcolor Info: Model `Hsb' substituted by `hsb' on input line 1367.
Package xcolor Info: Model `tHsb' substituted by `hsb' on input line 1368.
Package xcolor Info: Model `HSB' substituted by `hsb' on input line 1369.
Package xcolor Info: Model `Gray' substituted by `gray' on input line 1370.
Package xcolor Info: Model `wave' substituted by `hsb' on input line 1371.
)
(/usr/local/texlive/2020/texmf-dist/tex/latex/biblatex/biblatex.sty
Package: biblatex 2019/12/01 v3.14 programmable bibliographies (PK/MW)

(/usr/local/texlive/2020/texmf-dist/tex/generic/pdftexcmds/pdftexcmds.sty
Package: pdftexcmds 2020-06-27 v0.33 Utility functions of pdfTeX for LuaTeX (HO
)

(/usr/local/texlive/2020/texmf-dist/tex/generic/infwarerr/infwarerr.sty
Package: infwarerr 2019/12/03 v1.5 Providing info/warning/error messages (HO)
)
(/usr/local/texlive/2020/texmf-dist/tex/generic/ltxcmds/ltxcmds.sty
Package: ltxcmds 2019/12/15 v1.24 LaTeX kernel commands for general use (HO)
)
Package pdftexcmds Info: \pdf@primitive is available.
Package pdftexcmds Info: \pdf@ifprimitive is available.
Package pdftexcmds Info: \pdfdraftmode found.
)
(/usr/local/texlive/2020/texmf-dist/tex/latex/etoolbox/etoolbox.sty
Package: etoolbox 2019/09/21 v2.5h e-TeX tools for LaTeX (JAW)
\etb@tempcnta=\count267
)
(/usr/local/texlive/2020/texmf-dist/tex/latex/kvoptions/kvoptions.sty
Package: kvoptions 2019/11/29 v3.13 Key value format for package options (HO)

(/usr/local/texlive/2020/texmf-dist/tex/generic/kvsetkeys/kvsetkeys.sty
Package: kvsetkeys 2019/12/15 v1.18 Key value parser (HO)
))
(/usr/local/texlive/2020/texmf-dist/tex/latex/logreq/logreq.sty
Package: logreq 2010/08/04 v1.0 xml request logger
\lrq@indent=\count268

(/usr/local/texlive/2020/texmf-dist/tex/latex/logreq/logreq.def
File: logreq.def 2010/08/04 v1.0 logreq spec v1.0
))
(/usr/local/texlive/2020/texmf-dist/tex/latex/base/ifthen.sty
Package: ifthen 2014/09/29 v1.1c Standard LaTeX ifthen package (DPC)
)
(/usr/local/texlive/2020/texmf-dist/tex/latex/url/url.sty
\Urlmuskip=\muskip17
Package: url 2013/09/16  ver 3.4  Verb mode for urls, etc.
)
\c@tabx@nest=\count269
\c@listtotal=\count270
\c@listcount=\count271
\c@liststart=\count272
\c@liststop=\count273
\c@citecount=\count274
\c@citetotal=\count275
\c@multicitecount=\count276
\c@multicitetotal=\count277
\c@instcount=\count278
\c@maxnames=\count279
\c@minnames=\count280
\c@maxitems=\count281
\c@minitems=\count282
\c@citecounter=\count283
\c@maxcitecounter=\count284
\c@savedcitecounter=\count285
\c@uniquelist=\count286
\c@uniquename=\count287
\c@refsection=\count288
\c@refsegment=\count289
\c@maxextratitle=\count290
\c@maxextratitleyear=\count291
\c@maxextraname=\count292
\c@maxextradate=\count293
\c@maxextraalpha=\count294
\c@abbrvpenalty=\count295
\c@highnamepenalty=\count296
\c@lownamepenalty=\count297
\c@maxparens=\count298
\c@parenlevel=\count299
\blx@tempcnta=\count300
\blx@tempcntb=\count301
\blx@tempcntc=\count302
\blx@maxsection=\count303
\blx@maxsegment@0=\count304
\blx@notetype=\count305
\blx@parenlevel@text=\count306
\blx@parenlevel@foot=\count307
\blx@sectionciteorder@0=\count308
\blx@entrysetcounter=\count309
\labelnumberwidth=\skip52
\labelalphawidth=\skip53
\biblabelsep=\skip54
\bibitemsep=\skip55
\bibnamesep=\skip56
\bibinitsep=\skip57
\bibparsep=\skip58
\bibhang=\skip59
\blx@bcfin=\read3
\blx@bcfout=\write3
\blx@langwohyphens=\language86
\c@mincomprange=\count310
\c@maxcomprange=\count311
\c@mincompwidth=\count312
Package biblatex Info: Trying to load biblatex default data model...
Package biblatex Info: ... file 'blx-dm.def' found.

(/usr/local/texlive/2020/texmf-dist/tex/latex/biblatex/blx-dm.def
File: blx-dm.def 2019/12/01 v3.14 biblatex localization (PK/MW)
)
Package biblatex Info: Trying to load biblatex custom data model...
Package biblatex Info: ... file 'biblatex-dm.cfg' not found.
\c@afterword=\count313
\c@savedafterword=\count314
\c@annotator=\count315
\c@savedannotator=\count316
\c@author=\count317
\c@savedauthor=\count318
\c@bookauthor=\count319
\c@savedbookauthor=\count320
\c@commentator=\count321
\c@savedcommentator=\count322
\c@editor=\count323
\c@savededitor=\count324
\c@editora=\count325
\c@savededitora=\count326
\c@editorb=\count327
\c@savededitorb=\count328
\c@editorc=\count329
\c@savededitorc=\count330
\c@foreword=\count331
\c@savedforeword=\count332
\c@holder=\count333
\c@savedholder=\count334
\c@introduction=\count335
\c@savedintroduction=\count336
\c@namea=\count337
\c@savednamea=\count338
\c@nameb=\count339
\c@savednameb=\count340
\c@namec=\count341
\c@savednamec=\count342
\c@translator=\count343
\c@savedtranslator=\count344
\c@shortauthor=\count345
\c@savedshortauthor=\count346
\c@shorteditor=\count347
\c@savedshorteditor=\count348
\c@labelname=\count349
\c@savedlabelname=\count350
\c@institution=\count351
\c@savedinstitution=\count352
\c@lista=\count353
\c@savedlista=\count354
\c@listb=\count355
\c@savedlistb=\count356
\c@listc=\count357
\c@savedlistc=\count358
\c@listd=\count359
\c@savedlistd=\count360
\c@liste=\count361
\c@savedliste=\count362
\c@listf=\count363
\c@savedlistf=\count364
\c@location=\count365
\c@savedlocation=\count366
\c@organization=\count367
\c@savedorganization=\count368
\c@origlocation=\count369
\c@savedoriglocation=\count370
\c@origpublisher=\count371
\c@savedorigpublisher=\count372
\c@publisher=\count373
\c@savedpublisher=\count374
\c@language=\count375
\c@savedlanguage=\count376
\c@origlanguage=\count377
\c@savedoriglanguage=\count378
\c@pageref=\count379
\c@savedpageref=\count380
\shorthandwidth=\skip60
\shortjournalwidth=\skip61
\shortserieswidth=\skip62
\shorttitlewidth=\skip63
\shortauthorwidth=\skip64
\shorteditorwidth=\skip65
\locallabelnumberwidth=\skip66
\locallabelalphawidth=\skip67
\localshorthandwidth=\skip68
\localshortjournalwidth=\skip69
\localshortserieswidth=\skip70
\localshorttitlewidth=\skip71
\localshortauthorwidth=\skip72
\localshorteditorwidth=\skip73
Package biblatex Info: Trying to load compatibility code...
Package biblatex Info: ... file 'blx-compat.def' found.

(/usr/local/texlive/2020/texmf-dist/tex/latex/biblatex/blx-compat.def
File: blx-compat.def 2019/12/01 v3.14 biblatex compatibility (PK/MW)
)
Package biblatex Info: Trying to load generic definitions...
Package biblatex Info: ... file 'biblatex.def' found.

(/usr/local/texlive/2020/texmf-dist/tex/latex/biblatex/biblatex.def
File: biblatex.def 2019/12/01 v3.14 biblatex compatibility (PK/MW)
\c@textcitecount=\count381
\c@textcitetotal=\count382
\c@textcitemaxnames=\count383
\c@biburlbigbreakpenalty=\count384
\c@biburlbreakpenalty=\count385
\c@biburlnumpenalty=\count386
\c@biburlucpenalty=\count387
\c@biburllcpenalty=\count388
\biburlbigskip=\muskip18
\biburlnumskip=\muskip19
\biburlucskip=\muskip20
\biburllcskip=\muskip21
\c@smartand=\count389
)
Package biblatex Info: Trying to load bibliography style 'numeric'...
Package biblatex Info: ... file 'numeric.bbx' found.

(/usr/local/texlive/2020/texmf-dist/tex/latex/biblatex/bbx/numeric.bbx
File: numeric.bbx 2019/12/01 v3.14 biblatex bibliography style (PK/MW)
Package biblatex Info: Trying to load bibliography style 'standard'...
Package biblatex Info: ... file 'standard.bbx' found.

(/usr/local/texlive/2020/texmf-dist/tex/latex/biblatex/bbx/standard.bbx
File: standard.bbx 2019/12/01 v3.14 biblatex bibliography style (PK/MW)
\c@bbx:relatedcount=\count390
\c@bbx:relatedtotal=\count391
))
Package biblatex Info: Trying to load citation style 'numeric'...
Package biblatex Info: ... file 'numeric.cbx' found.

(/usr/local/texlive/2020/texmf-dist/tex/latex/biblatex/cbx/numeric.cbx
File: numeric.cbx 2019/12/01 v3.14 biblatex citation style (PK/MW)
Package biblatex Info: Redefining '\cite'.
Package biblatex Info: Redefining '\parencite'.
Package biblatex Info: Redefining '\footcite'.
Package biblatex Info: Redefining '\footcitetext'.
Package biblatex Info: Redefining '\smartcite'.
Package biblatex Info: Redefining '\supercite'.
Package biblatex Info: Redefining '\textcite'.
Package biblatex Info: Redefining '\textcites'.
Package biblatex Info: Redefining '\cites'.
Package biblatex Info: Redefining '\parencites'.
Package biblatex Info: Redefining '\smartcites'.
)
Package biblatex Info: Trying to load configuration file...
Package biblatex Info: ... file 'biblatex.cfg' found.

(/usr/local/texlive/2020/texmf-dist/tex/latex/biblatex/biblatex.cfg
File: biblatex.cfg 
))
(/usr/local/texlive/2020/texmf-dist/tex/latex/float/float.sty
Package: float 2001/11/08 v1.3d Float enhancements (AL)
\c@float@type=\count392
\float@exts=\toks27
\float@box=\box49
\@float@everytoks=\toks28
\@floatcapt=\box50
)
(/usr/local/texlive/2020/texmf-dist/tex/latex/hyperref/hyperref.sty
Package: hyperref 2020-05-15 v7.00e Hypertext links for LaTeX

(/usr/local/texlive/2020/texmf-dist/tex/generic/kvdefinekeys/kvdefinekeys.sty
Package: kvdefinekeys 2019-12-19 v1.6 Define keys (HO)
)
(/usr/local/texlive/2020/texmf-dist/tex/generic/pdfescape/pdfescape.sty
Package: pdfescape 2019/12/09 v1.15 Implements pdfTeX's escape features (HO)
)
(/usr/local/texlive/2020/texmf-dist/tex/latex/hycolor/hycolor.sty
Package: hycolor 2020-01-27 v1.10 Color options for hyperref/bookmark (HO)
)
(/usr/local/texlive/2020/texmf-dist/tex/latex/letltxmacro/letltxmacro.sty
Package: letltxmacro 2019/12/03 v1.6 Let assignment for LaTeX macros (HO)
)
(/usr/local/texlive/2020/texmf-dist/tex/latex/auxhook/auxhook.sty
Package: auxhook 2019-12-17 v1.6 Hooks for auxiliary files (HO)
)
\@linkdim=\dimen158
\Hy@linkcounter=\count393
\Hy@pagecounter=\count394

(/usr/local/texlive/2020/texmf-dist/tex/latex/hyperref/pd1enc.def
File: pd1enc.def 2020-05-15 v7.00e Hyperref: PDFDocEncoding definition (HO)
Now handling font encoding PD1 ...
... no UTF-8 mapping file for font encoding PD1
)
(/usr/local/texlive/2020/texmf-dist/tex/generic/intcalc/intcalc.sty
Package: intcalc 2019/12/15 v1.3 Expandable calculations with integers (HO)
)
(/usr/local/texlive/2020/texmf-dist/tex/generic/etexcmds/etexcmds.sty
Package: etexcmds 2019/12/15 v1.7 Avoid name clashes with e-TeX commands (HO)
)
\Hy@SavedSpaceFactor=\count395
Package hyperref Info: Hyper figures OFF on input line 4464.
Package hyperref Info: Link nesting OFF on input line 4469.
Package hyperref Info: Hyper index ON on input line 4472.
Package hyperref Info: Plain pages OFF on input line 4479.
Package hyperref Info: Backreferencing OFF on input line 4484.
Package hyperref Info: Implicit mode ON; LaTeX internals redefined.
Package hyperref Info: Bookmarks ON on input line 4717.
\c@Hy@tempcnt=\count396
LaTeX Info: Redefining \url on input line 5076.
\XeTeXLinkMargin=\dimen159

(/usr/local/texlive/2020/texmf-dist/tex/generic/bitset/bitset.sty
Package: bitset 2019/12/09 v1.3 Handle bit-vector datatype (HO)

(/usr/local/texlive/2020/texmf-dist/tex/generic/bigintcalc/bigintcalc.sty
Package: bigintcalc 2019/12/15 v1.5 Expandable calculations on big integers (HO
)
))
\Fld@menulength=\count397
\Field@Width=\dimen160
\Fld@charsize=\dimen161
Package hyperref Info: Hyper figures OFF on input line 6347.
Package hyperref Info: Link nesting OFF on input line 6352.
Package hyperref Info: Hyper index ON on input line 6355.
Package hyperref Info: backreferencing OFF on input line 6362.
Package hyperref Info: Link coloring OFF on input line 6367.
Package hyperref Info: Link coloring with OCG OFF on input line 6372.
Package hyperref Info: PDF/A mode OFF on input line 6377.
LaTeX Info: Redefining \ref on input line 6417.
LaTeX Info: Redefining \pageref on input line 6421.

(/usr/local/texlive/2020/texmf-dist/tex/generic/atbegshi/atbegshi.sty
Package: atbegshi 2019/12/05 v1.19 At begin shipout hook (HO)
)
\Hy@abspage=\count398
\c@Item=\count399
\c@Hfootnote=\count400
)
Package hyperref Info: Driver (autodetected): hpdftex.

(/usr/local/texlive/2020/texmf-dist/tex/latex/hyperref/hpdftex.def
File: hpdftex.def 2020-05-15 v7.00e Hyperref driver for pdfTeX

(/usr/local/texlive/2020/texmf-dist/tex/latex/atveryend/atveryend.sty
Package: atveryend 2019-12-11 v1.11 Hooks at the very end of document (HO)
)
\Fld@listcount=\count401
\c@bookmark@seq@number=\count402

(/usr/local/texlive/2020/texmf-dist/tex/latex/rerunfilecheck/rerunfilecheck.sty
Package: rerunfilecheck 2019/12/05 v1.9 Rerun checks for auxiliary files (HO)

(/usr/local/texlive/2020/texmf-dist/tex/generic/uniquecounter/uniquecounter.sty
Package: uniquecounter 2019/12/15 v1.4 Provide unlimited unique counter (HO)
)
Package uniquecounter Info: New unique counter `rerunfilecheck' on input line 2
86.
)
\Hy@SectionHShift=\skip74
) (/usr/local/texlive/2020/texmf-dist/tex/latex/placeins/placeins.sty
Package: placeins 2005/04/18  v 2.2
)
(/usr/local/texlive/2020/texmf-dist/tex/latex/fancyhdr/fancyhdr.sty
Package: fancyhdr 2019/01/31 v3.10 Extensive control of page headers and footer
s
\f@nch@headwidth=\skip75
\f@nch@O@elh=\skip76
\f@nch@O@erh=\skip77
\f@nch@O@olh=\skip78
\f@nch@O@orh=\skip79
\f@nch@O@elf=\skip80
\f@nch@O@erf=\skip81
\f@nch@O@olf=\skip82
\f@nch@O@orf=\skip83
)
(/usr/local/texlive/2020/texmf-dist/tex/latex/base/inputenc.sty
Package: inputenc 2018/08/11 v1.3c Input encoding file
\inpenc@prehook=\toks29
\inpenc@posthook=\toks30
)
LaTeX Font Info:    Trying to load font information for T1+txtt on input line 2
5.

(/usr/local/texlive/2020/texmf-dist/tex/latex/txfonts/t1txtt.fd
File: t1txtt.fd 2000/12/15 v3.1
)
\@quotelevel=\count403
\@quotereset=\count404

(/usr/local/texlive/2020/texmf-dist/tex/latex/l3backend/l3backend-pdfmode.def
File: l3backend-pdfmode.def 2020-06-29 L3 backend support: PDF mode
\l__kernel_color_stack_int=\count405
\l__pdf_internal_box=\box51
)
(./variation1.aux

LaTeX Warning: Label `fig:figure3' multiply defined.


LaTeX Warning: Label `fig:figure3' multiply defined.


LaTeX Warning: Label `fig:figure3' multiply defined.


LaTeX Warning: Label `fig:figure3' multiply defined.


LaTeX Warning: Label `fig:figure3' multiply defined.


LaTeX Warning: Label `fig:figure3' multiply defined.


LaTeX Warning: Label `fig:figure3' multiply defined.


LaTeX Warning: Label `fig:figure3' multiply defined.


LaTeX Warning: Label `fig:figure3' multiply defined.


LaTeX Warning: Label `fig:figure3' multiply defined.

)
\openout1 = `variation1.aux'.

LaTeX Font Info:    Checking defaults for OML/cmm/m/it on input line 36.
LaTeX Font Info:    ... okay on input line 36.
LaTeX Font Info:    Checking defaults for OMS/cmsy/m/n on input line 36.
LaTeX Font Info:    ... okay on input line 36.
LaTeX Font Info:    Checking defaults for OT1/cmr/m/n on input line 36.
LaTeX Font Info:    ... okay on input line 36.
LaTeX Font Info:    Checking defaults for T1/cmr/m/n on input line 36.
LaTeX Font Info:    ... okay on input line 36.
LaTeX Font Info:    Checking defaults for TS1/cmr/m/n on input line 36.
LaTeX Font Info:    ... okay on input line 36.
LaTeX Font Info:    Checking defaults for OMX/cmex/m/n on input line 36.
LaTeX Font Info:    ... okay on input line 36.
LaTeX Font Info:    Checking defaults for U/cmr/m/n on input line 36.
LaTeX Font Info:    ... okay on input line 36.
LaTeX Font Info:    Checking defaults for PD1/pdf/m/n on input line 36.
LaTeX Font Info:    ... okay on input line 36.

*geometry* driver: auto-detecting
*geometry* detected driver: pdftex
*geometry* verbose mode - [ preamble ] result:
* driver: pdftex
* paper: <default>
* layout: <same size as paper>
* layoutoffset:(h,v)=(0.0pt,0.0pt)
* modes: includefoot 
* h-part:(L,W,R)=(108.405pt, 433.62001pt, 72.26999pt)
* v-part:(T,H,B)=(72.26999pt, 650.43001pt, 72.26999pt)
* \paperwidth=614.295pt
* \paperheight=794.96999pt
* \textwidth=433.62001pt
* \textheight=620.43001pt
* \oddsidemargin=36.13501pt
* \evensidemargin=36.13501pt
* \topmargin=-37.0pt
* \headheight=12.0pt
* \headsep=25.0pt
* \topskip=10.0pt
* \footskip=30.0pt
* \marginparwidth=65.0pt
* \marginparsep=11.0pt
* \columnsep=10.0pt
* \skip\footins=9.0pt plus 4.0pt minus 2.0pt
* \hoffset=0.0pt
* \voffset=0.0pt
* \mag=1000
* \@twocolumnfalse
* \@twosidefalse
* \@mparswitchfalse
* \@reversemarginfalse
* (1in=72.27pt=25.4mm, 1cm=28.453pt)

(/usr/local/texlive/2020/texmf-dist/tex/context/base/mkii/supp-pdf.mkii
[Loading MPS to PDF converter (version 2006.09.02).]
\scratchcounter=\count406
\scratchdimen=\dimen162
\scratchbox=\box52
\nofMPsegments=\count407
\nofMParguments=\count408
\everyMPshowfont=\toks31
\MPscratchCnt=\count409
\MPscratchDim=\dimen163
\MPnumerator=\count410
\makeMPintoPDFobject=\count411
\everyMPtoPDFconversion=\toks32
) (/usr/local/texlive/2020/texmf-dist/tex/latex/epstopdf-pkg/epstopdf-base.sty
Package: epstopdf-base 2020-01-24 v2.11 Base part for package epstopdf

(/usr/local/texlive/2020/texmf-dist/tex/latex/grfext/grfext.sty
Package: grfext 2019/12/03 v1.3 Manage graphics extensions (HO)
)
Package epstopdf-base Info: Redefining graphics rule for `.eps' on input line 4
85.
Package grfext Info: Graphics extension search list:
(grfext)             [.pdf,.png,.jpg,.mps,.jpeg,.jbig2,.jb2,.PDF,.PNG,.JPG,.JPE
G,.JBIG2,.JB2,.eps]
(grfext)             \AppendGraphicsExtensions on input line 504.

(/usr/local/texlive/2020/texmf-dist/tex/latex/latexconfig/epstopdf-sys.cfg
File: epstopdf-sys.cfg 2010/07/13 v1.3 Configuration of (r)epstopdf for TeX Liv
e
))
\c@lstlisting=\count412
Package biblatex Info: Trying to load language 'english'...
Package biblatex Info: ... file 'english.lbx' found.

(/usr/local/texlive/2020/texmf-dist/tex/latex/biblatex/lbx/english.lbx
File: english.lbx 2019/12/01 v3.14 biblatex localization (PK/MW)
)
Package biblatex Info: Input encoding 'utf8' detected.
Package biblatex Info: Automatic encoding selection.
(biblatex)             Assuming data encoding 'utf8'.
\openout3 = `variation1.bcf'.

Package biblatex Info: Trying to load bibliographic data...
Package biblatex Info: ... file 'variation1.bbl' found.

(./variation1.bbl)
Package biblatex Info: Reference section=0 on input line 36.
Package biblatex Info: Reference segment=0 on input line 36.
\AtBeginShipoutBox=\box53
Package hyperref Info: Link coloring OFF on input line 36.

(/usr/local/texlive/2020/texmf-dist/tex/latex/hyperref/nameref.sty
Package: nameref 2019/09/16 v2.46 Cross-referencing by name of section

(/usr/local/texlive/2020/texmf-dist/tex/latex/refcount/refcount.sty
Package: refcount 2019/12/15 v3.6 Data extraction from label references (HO)
)
(/usr/local/texlive/2020/texmf-dist/tex/generic/gettitlestring/gettitlestring.s
ty
Package: gettitlestring 2019/12/15 v1.6 Cleanup title references (HO)
)
\c@section@level=\count413
)
LaTeX Info: Redefining \ref on input line 36.
LaTeX Info: Redefining \pageref on input line 36.
LaTeX Info: Redefining \nameref on input line 36.
 (./variation1.out) (./variation1.out)
\@outlinefile=\write4
\openout4 = `variation1.out'.

 [1

{/usr/local/texlive/2020/texmf-var/fonts/map/pdftex/updmap/pdftex.map}]
<Figure1_discrete_sir_b2_k1.png, id=52, 387.4475pt x 294.09875pt>
File: Figure1_discrete_sir_b2_k1.png Graphic file (type png)
<use Figure1_discrete_sir_b2_k1.png>
Package pdftex.def Info: Figure1_discrete_sir_b2_k1.png  used on input line 115
.
(pdftex.def)             Requested size: 130.08733pt x 98.74469pt.
<Figure1_discrete_sir_b2_k2.png, id=54, 387.4475pt x 294.09875pt>
File: Figure1_discrete_sir_b2_k2.png Graphic file (type png)
<use Figure1_discrete_sir_b2_k2.png>
Package pdftex.def Info: Figure1_discrete_sir_b2_k2.png  used on input line 116
.
(pdftex.def)             Requested size: 130.08733pt x 98.74469pt.
<Figure1_discrete_sir_b2_k3.png, id=55, 387.4475pt x 294.09875pt>
File: Figure1_discrete_sir_b2_k3.png Graphic file (type png)
<use Figure1_discrete_sir_b2_k3.png>
Package pdftex.def Info: Figure1_discrete_sir_b2_k3.png  used on input line 117
.
(pdftex.def)             Requested size: 130.08733pt x 98.74469pt.
pdfTeX warning (ext4): destination with the same identifier (name{page.1}) has 
been already used, duplicate ignored
<to be read again> 
                   \relax 
l.127 
       [1]
<Figure1_discrete_sir_b5_k1.png, id=62, 387.4475pt x 294.09875pt>
File: Figure1_discrete_sir_b5_k1.png Graphic file (type png)
<use Figure1_discrete_sir_b5_k1.png>
Package pdftex.def Info: Figure1_discrete_sir_b5_k1.png  used on input line 132
.
(pdftex.def)             Requested size: 130.08733pt x 98.74469pt.
<Figure1_discrete_sir_b5_k2.png, id=63, 387.4475pt x 294.09875pt>
File: Figure1_discrete_sir_b5_k2.png Graphic file (type png)
<use Figure1_discrete_sir_b5_k2.png>
Package pdftex.def Info: Figure1_discrete_sir_b5_k2.png  used on input line 133
.
(pdftex.def)             Requested size: 130.08733pt x 98.74469pt.
<Figure1_discrete_sir_b5_k3.png, id=64, 387.4475pt x 294.09875pt>
File: Figure1_discrete_sir_b5_k3.png Graphic file (type png)
<use Figure1_discrete_sir_b5_k3.png>
Package pdftex.def Info: Figure1_discrete_sir_b5_k3.png  used on input line 134
.
(pdftex.def)             Requested size: 130.08733pt x 98.74469pt.
<Figure1_discrete_diagT10total.png, id=65, 367.3725pt x 294.09875pt>
File: Figure1_discrete_diagT10total.png Graphic file (type png)
<use Figure1_discrete_diagT10total.png>
Package pdftex.def Info: Figure1_discrete_diagT10total.png  used on input line 
153.
(pdftex.def)             Requested size: 130.08733pt x 104.14325pt.
<Figure1_discrete_diagT20total.png, id=66, 367.3725pt x 294.09875pt>
File: Figure1_discrete_diagT20total.png Graphic file (type png)
<use Figure1_discrete_diagT20total.png>
Package pdftex.def Info: Figure1_discrete_diagT20total.png  used on input line 
154.
(pdftex.def)             Requested size: 130.08733pt x 104.14325pt.
<Figure1_discrete_diagT30total.png, id=67, 367.3725pt x 294.09875pt>
File: Figure1_discrete_diagT30total.png Graphic file (type png)
<use Figure1_discrete_diagT30total.png>
Package pdftex.def Info: Figure1_discrete_diagT30total.png  used on input line 
155.
(pdftex.def)             Requested size: 130.08733pt x 104.14325pt.
 [2 <./Figure1_discrete_sir_b2_k1.png> <./Figure1_discrete_sir_b2_k2.png> <./Fi
gure1_discrete_sir_b2_k3.png> <./Figure1_discrete_sir_b5_k1.png> <./Figure1_dis
crete_sir_b5_k2.png> <./Figure1_discrete_sir_b5_k3.png>]
<Figure1_discrete_bsmall_T10.png, id=80, 370.38374pt x 294.09875pt>
File: Figure1_discrete_bsmall_T10.png Graphic file (type png)
<use Figure1_discrete_bsmall_T10.png>
Package pdftex.def Info: Figure1_discrete_bsmall_T10.png  used on input line 17
2.
(pdftex.def)             Requested size: 130.08733pt x 103.2951pt.
<Figure1_discrete_bsmall_T20.png, id=81, 370.38374pt x 294.09875pt>
File: Figure1_discrete_bsmall_T20.png Graphic file (type png)
<use Figure1_discrete_bsmall_T20.png>
Package pdftex.def Info: Figure1_discrete_bsmall_T20.png  used on input line 17
3.
(pdftex.def)             Requested size: 130.08733pt x 103.2951pt.
<Figure1_discrete_bsmall_T30.png, id=82, 370.38374pt x 294.09875pt>
File: Figure1_discrete_bsmall_T30.png Graphic file (type png)
<use Figure1_discrete_bsmall_T30.png>
Package pdftex.def Info: Figure1_discrete_bsmall_T30.png  used on input line 17
4.
(pdftex.def)             Requested size: 130.08733pt x 103.2951pt.
<Figure1_discrete_diagT10infect.png, id=83, 367.3725pt x 294.09875pt>
File: Figure1_discrete_diagT10infect.png Graphic file (type png)
<use Figure1_discrete_diagT10infect.png>
Package pdftex.def Info: Figure1_discrete_diagT10infect.png  used on input line
 189.
(pdftex.def)             Requested size: 130.08733pt x 104.14325pt.
<Figure1_discrete_diagT20infect.png, id=84, 367.3725pt x 294.09875pt>
File: Figure1_discrete_diagT20infect.png Graphic file (type png)
<use Figure1_discrete_diagT20infect.png>
Package pdftex.def Info: Figure1_discrete_diagT20infect.png  used on input line
 190.
(pdftex.def)             Requested size: 130.08733pt x 104.14325pt.
<Figure1_discrete_diagT30infect.png, id=85, 367.3725pt x 294.09875pt>
File: Figure1_discrete_diagT30infect.png Graphic file (type png)
<use Figure1_discrete_diagT30infect.png>
Package pdftex.def Info: Figure1_discrete_diagT30infect.png  used on input line
 191.
(pdftex.def)             Requested size: 130.08733pt x 104.14325pt.
<Figure1_discrete_bsmall_infectT10.png, id=86, 370.38374pt x 294.09875pt>
File: Figure1_discrete_bsmall_infectT10.png Graphic file (type png)
<use Figure1_discrete_bsmall_infectT10.png>
Package pdftex.def Info: Figure1_discrete_bsmall_infectT10.png  used on input l
ine 206.
(pdftex.def)             Requested size: 130.08733pt x 103.2951pt.
<Figure1_discrete_bsmall_infectT20.png, id=87, 370.38374pt x 294.09875pt>
File: Figure1_discrete_bsmall_infectT20.png Graphic file (type png)
<use Figure1_discrete_bsmall_infectT20.png>
Package pdftex.def Info: Figure1_discrete_bsmall_infectT20.png  used on input l
ine 207.
(pdftex.def)             Requested size: 130.08733pt x 103.2951pt.
<Figure1_discrete_bsmall_infectT30.png, id=88, 370.38374pt x 294.09875pt>
File: Figure1_discrete_bsmall_infectT30.png Graphic file (type png)
<use Figure1_discrete_bsmall_infectT30.png>
Package pdftex.def Info: Figure1_discrete_bsmall_infectT30.png  used on input l
ine 208.
(pdftex.def)             Requested size: 130.08733pt x 103.2951pt.
 [3 <./Figure1_discrete_diagT10total.png> <./Figure1_discrete_diagT20total.png>
 <./Figure1_discrete_diagT30total.png> <./Figure1_discrete_bsmall_T10.png> <./F
igure1_discrete_bsmall_T20.png> <./Figure1_discrete_bsmall_T30.png> <./Figure1_
discrete_diagT10infect.png> <./Figure1_discrete_diagT20infect.png> <./Figure1_d
iscrete_diagT30infect.png>]
<Figure2_ode_b2k1.png, id=105, 387.4475pt x 294.09875pt>
File: Figure2_ode_b2k1.png Graphic file (type png)
<use Figure2_ode_b2k1.png>
Package pdftex.def Info: Figure2_ode_b2k1.png  used on input line 227.
(pdftex.def)             Requested size: 130.08733pt x 98.74469pt.
<Figure2_ode_b2k2.png, id=106, 387.4475pt x 294.09875pt>
File: Figure2_ode_b2k2.png Graphic file (type png)
<use Figure2_ode_b2k2.png>
Package pdftex.def Info: Figure2_ode_b2k2.png  used on input line 228.
(pdftex.def)             Requested size: 130.08733pt x 98.74469pt.
<Figure2_ode_b2k3.png, id=107, 387.4475pt x 294.09875pt>
File: Figure2_ode_b2k3.png Graphic file (type png)
<use Figure2_ode_b2k3.png>
Package pdftex.def Info: Figure2_ode_b2k3.png  used on input line 229.
(pdftex.def)             Requested size: 130.08733pt x 98.74469pt.
<Figure2_ode_b5k1.png, id=108, 387.4475pt x 294.09875pt>
File: Figure2_ode_b5k1.png Graphic file (type png)
<use Figure2_ode_b5k1.png>
Package pdftex.def Info: Figure2_ode_b5k1.png  used on input line 243.
(pdftex.def)             Requested size: 130.08733pt x 98.74469pt.
<Figure2_ode_b5k2.png, id=109, 387.4475pt x 294.09875pt>
File: Figure2_ode_b5k2.png Graphic file (type png)
<use Figure2_ode_b5k2.png>
Package pdftex.def Info: Figure2_ode_b5k2.png  used on input line 244.
(pdftex.def)             Requested size: 130.08733pt x 98.74469pt.
<Figure2_ode_b5k3.png, id=110, 387.4475pt x 294.09875pt>
File: Figure2_ode_b5k3.png Graphic file (type png)
<use Figure2_ode_b5k3.png>
Package pdftex.def Info: Figure2_ode_b5k3.png  used on input line 245.
(pdftex.def)             Requested size: 130.08733pt x 98.74469pt.
<Figure2_ode_totalT10.png, id=111, 367.3725pt x 294.09875pt>
File: Figure2_ode_totalT10.png Graphic file (type png)
<use Figure2_ode_totalT10.png>
Package pdftex.def Info: Figure2_ode_totalT10.png  used on input line 257.
(pdftex.def)             Requested size: 130.08733pt x 104.14325pt.
<Figure2_ode_totalT20.png, id=112, 367.3725pt x 294.09875pt>
File: Figure2_ode_totalT20.png Graphic file (type png)
<use Figure2_ode_totalT20.png>
Package pdftex.def Info: Figure2_ode_totalT20.png  used on input line 258.
(pdftex.def)             Requested size: 130.08733pt x 104.14325pt.
<Figure2_ode_totalT30.png, id=113, 367.3725pt x 294.09875pt>
File: Figure2_ode_totalT30.png Graphic file (type png)
<use Figure2_ode_totalT30.png>
Package pdftex.def Info: Figure2_ode_totalT30.png  used on input line 259.
(pdftex.def)             Requested size: 130.08733pt x 104.14325pt.
 [4 <./Figure1_discrete_bsmall_infectT10.png> <./Figure1_discrete_bsmall_infect
T20.png> <./Figure1_discrete_bsmall_infectT30.png> <./Figure2_ode_b2k1.png> <./
Figure2_ode_b2k2.png> <./Figure2_ode_b2k3.png> <./Figure2_ode_b5k1.png> <./Figu
re2_ode_b5k2.png> <./Figure2_ode_b5k3.png>]
<Figure2_ode_totalT10_bsmall.png, id=130, 370.38374pt x 294.09875pt>
File: Figure2_ode_totalT10_bsmall.png Graphic file (type png)
<use Figure2_ode_totalT10_bsmall.png>
Package pdftex.def Info: Figure2_ode_totalT10_bsmall.png  used on input line 27
6.
(pdftex.def)             Requested size: 130.08733pt x 103.2951pt.
<Figure2_ode_totalT20_bsmall.png, id=131, 370.38374pt x 294.09875pt>
File: Figure2_ode_totalT20_bsmall.png Graphic file (type png)
<use Figure2_ode_totalT20_bsmall.png>
Package pdftex.def Info: Figure2_ode_totalT20_bsmall.png  used on input line 27
7.
(pdftex.def)             Requested size: 130.08733pt x 103.2951pt.
<Figure2_ode_totalT30_bsmall.png, id=132, 370.38374pt x 294.09875pt>
File: Figure2_ode_totalT30_bsmall.png Graphic file (type png)
<use Figure2_ode_totalT30_bsmall.png>
Package pdftex.def Info: Figure2_ode_totalT30_bsmall.png  used on input line 27
8.
(pdftex.def)             Requested size: 130.08733pt x 103.2951pt.
<Figure2_ode_infectT10.png, id=133, 367.3725pt x 294.09875pt>
File: Figure2_ode_infectT10.png Graphic file (type png)
<use Figure2_ode_infectT10.png>
Package pdftex.def Info: Figure2_ode_infectT10.png  used on input line 294.
(pdftex.def)             Requested size: 130.08733pt x 104.14325pt.
<Figure2_ode_infectT20.png, id=134, 367.3725pt x 294.09875pt>
File: Figure2_ode_infectT20.png Graphic file (type png)
<use Figure2_ode_infectT20.png>
Package pdftex.def Info: Figure2_ode_infectT20.png  used on input line 295.
(pdftex.def)             Requested size: 130.08733pt x 104.14325pt.
<Figure2_ode_infectT30.png, id=135, 367.3725pt x 294.09875pt>
File: Figure2_ode_infectT30.png Graphic file (type png)
<use Figure2_ode_infectT30.png>
Package pdftex.def Info: Figure2_ode_infectT30.png  used on input line 296.
(pdftex.def)             Requested size: 130.08733pt x 104.14325pt.
<Figure2_ode_infT10_bsmall.png, id=136, 370.38374pt x 294.09875pt>
File: Figure2_ode_infT10_bsmall.png Graphic file (type png)
<use Figure2_ode_infT10_bsmall.png>
Package pdftex.def Info: Figure2_ode_infT10_bsmall.png  used on input line 313.

(pdftex.def)             Requested size: 130.08733pt x 103.2951pt.
<Figure2_ode_infT20_bsmall.png, id=137, 370.38374pt x 294.09875pt>
File: Figure2_ode_infT20_bsmall.png Graphic file (type png)
<use Figure2_ode_infT20_bsmall.png>
Package pdftex.def Info: Figure2_ode_infT20_bsmall.png  used on input line 314.

(pdftex.def)             Requested size: 130.08733pt x 103.2951pt.
<Figure2_ode_infT30_bsmall.png, id=138, 370.38374pt x 294.09875pt>
File: Figure2_ode_infT30_bsmall.png Graphic file (type png)
<use Figure2_ode_infT30_bsmall.png>
Package pdftex.def Info: Figure2_ode_infT30_bsmall.png  used on input line 315.

(pdftex.def)             Requested size: 130.08733pt x 103.2951pt.

Overfull \hbox (138.03638pt too wide) in alignment at lines 354--369
 [][][] []
 []

[5 <./Figure2_ode_totalT10.png> <./Figure2_ode_totalT20.png> <./Figure2_ode_tot
alT30.png> <./Figure2_ode_totalT10_bsmall.png> <./Figure2_ode_totalT20_bsmall.p
ng> <./Figure2_ode_totalT30_bsmall.png> <./Figure2_ode_infectT10.png> <./Figure
2_ode_infectT20.png> <./Figure2_ode_infectT30.png>] [6 <./Figure2_ode_infT10_bs
mall.png> <./Figure2_ode_infT20_bsmall.png> <./Figure2_ode_infT30_bsmall.png>]
Underfull \hbox (badness 10000) in paragraph at lines 372--375

 []

[7]

Package biblatex Warning: No driver for entry type 'author'.
(biblatex)                Using fallback driver on input line 414.

[8]
Package atveryend Info: Empty hook `BeforeClearDocument' on input line 419.
 [9]
Package atveryend Info: Empty hook `AfterLastShipout' on input line 419.
 (./variation1.aux)
Package atveryend Info: Executing hook `AtVeryEndDocument' on input line 419.
Package atveryend Info: Executing hook `AtEndAfterFileList' on input line 419.
Package rerunfilecheck Info: File `variation1.out' has not changed.
(rerunfilecheck)             Checksum: 4E8C20E531E5C15ED6561EEAA0DAC088;685.


LaTeX Warning: There were multiply-defined labels.

Package logreq Info: Writing requests to 'variation1.run.xml'.
\openout1 = `variation1.run.xml'.

 ) 
Here is how much of TeX's memory you used:
 15893 strings out of 480471
 270548 string characters out of 5899411
 944792 words of memory out of 5000000
 31650 multiletter control sequences out of 15000+600000
 536379 words of font info for 38 fonts, out of 8000000 for 9000
 1141 hyphenation exceptions out of 8191
 37i,13n,45p,1272b,1293s stack positions out of 5000i,500n,10000p,200000b,80000s
</usr/local/texlive/2020/texmf-dist/fonts/type1/public/amsfonts/cm/cmbx12.pfb
></usr/local/texlive/2020/texmf-dist/fonts/type1/public/amsfonts/cm/cmcsc10.pfb
></usr/local/texlive/2020/texmf-dist/fonts/type1/public/amsfonts/cm/cmmi10.pfb>
</usr/local/texlive/2020/texmf-dist/fonts/type1/public/amsfonts/cm/cmmi5.pfb></
usr/local/texlive/2020/texmf-dist/fonts/type1/public/amsfonts/cm/cmmi7.pfb></us
r/local/texlive/2020/texmf-dist/fonts/type1/public/amsfonts/cm/cmr10.pfb></usr/
local/texlive/2020/texmf-dist/fonts/type1/public/amsfonts/cm/cmr12.pfb></usr/lo
cal/texlive/2020/texmf-dist/fonts/type1/public/amsfonts/cm/cmr17.pfb></usr/loca
l/texlive/2020/texmf-dist/fonts/type1/public/amsfonts/cm/cmr5.pfb></usr/local/t
exlive/2020/texmf-dist/fonts/type1/public/amsfonts/cm/cmr7.pfb></usr/local/texl
ive/2020/texmf-dist/fonts/type1/public/amsfonts/cm/cmsy10.pfb></usr/local/texli
ve/2020/texmf-dist/fonts/type1/public/amsfonts/cm/cmsy5.pfb></usr/local/texlive
/2020/texmf-dist/fonts/type1/public/amsfonts/cm/cmti10.pfb></usr/local/texlive/
2020/texmf-dist/fonts/type1/public/amsfonts/cm/cmtt10.pfb>
Output written on variation1.pdf (10 pages, 594876 bytes).
PDF statistics:
 258 PDF objects out of 1000 (max. 8388607)
 158 compressed objects within 2 object streams
 39 named destinations out of 1000 (max. 500000)
 261 words of extra memory for PDF output out of 10000 (max. 10000000)

